<?xml version="1.0" encoding="UTF-8"?>
<!-- Generated by org.testng.reporters.JUnitReportReporter -->
<testsuite hostname="DESKTOP-9GIQDKD" failures="0" tests="1" name="testcases.SignupTest" time="25.384" errors="0" timestamp="2023-03-26T23:57:05 IST" skipped="0">
  <testcase classname="testcases.SignupTest" name="Signup" time="25.384"/>
  <system-out/>
</testsuite> <!-- testcases.SignupTest -->
