<?xml version="1.0" encoding="UTF-8"?>
<!-- Generated by org.testng.reporters.JUnitReportReporter -->
<testsuite hostname="DESKTOP-9GIQDKD" failures="0" tests="1" name="testcases.RoundTripTest" time="16.764" errors="0" timestamp="2023-03-26T23:57:05 IST" skipped="0">
  <testcase classname="testcases.RoundTripTest" name="RoundTripOperation" time="16.764"/>
  <system-out/>
</testsuite> <!-- testcases.RoundTripTest -->
