<?xml version="1.0" encoding="UTF-8"?>
<!-- Generated by org.testng.reporters.JUnitReportReporter -->
<testsuite hostname="DESKTOP-9GIQDKD" failures="0" tests="2" name="testcases.LoginTest" time="31.011" errors="0" timestamp="2023-03-26T23:57:05 IST" skipped="0">
  <testcase classname="testcases.LoginTest" name="LoginwithValidCredentials1" time="17.008"/>
  <system-out/>
  <testcase classname="testcases.LoginTest" name="LoginwithInvalidCredentials" time="14.003"/>
  <system-out/>
</testsuite> <!-- testcases.LoginTest -->
