<?xml version="1.0" encoding="UTF-8"?>
<!-- Generated by org.testng.reporters.JUnitReportReporter -->
<testsuite hostname="DESKTOP-9GIQDKD" failures="0" tests="2" name="testcases.LoginTest" time="24.548" errors="0" timestamp="2023-03-27T00:24:41 IST" skipped="0">
  <testcase classname="testcases.LoginTest" name="LoginwithValidCredentials1" time="13.305"/>
  <system-out/>
  <testcase classname="testcases.LoginTest" name="LoginwithInvalidCredentials" time="11.243"/>
  <system-out/>
</testsuite> <!-- testcases.LoginTest -->
